2023-05-17 14:05:108 INFO  HomePage :43 - Enter Job title[[ChromeDriver: chrome on WINDOWS (99936cb6b870f5932666aa8da25dcda3)] -> xpath: //input[@id='keywords']]
2023-05-17 14:05:278 INFO  HomePage :49 - Enter Location[[ChromeDriver: chrome on WINDOWS (99936cb6b870f5932666aa8da25dcda3)] -> xpath: //input[@id='location']]
2023-05-17 14:05:416 INFO  HomePage :54 - Select Distance[[ChromeDriver: chrome on WINDOWS (99936cb6b870f5932666aa8da25dcda3)] -> xpath: //select[@id='distance']]
2023-05-17 14:05:568 INFO  HomePage :60 - Click on more search options[[ChromeDriver: chrome on WINDOWS (99936cb6b870f5932666aa8da25dcda3)] -> xpath: //button[@id='toggle-hp-search']]
2023-05-17 14:05:652 INFO  HomePage :65 - Enter Minimum salary[[ChromeDriver: chrome on WINDOWS (99936cb6b870f5932666aa8da25dcda3)] -> xpath: //input[@id='salarymin']]
2023-05-17 14:05:843 INFO  HomePage :70 - Enter Maximum salary[[ChromeDriver: chrome on WINDOWS (99936cb6b870f5932666aa8da25dcda3)] -> xpath: //input[@id='salarymax']]
2023-05-17 14:05:983 INFO  HomePage :75 - Select salary type from dropdown[[ChromeDriver: chrome on WINDOWS (99936cb6b870f5932666aa8da25dcda3)] -> xpath: //select[@id='salarytype']]
2023-05-17 14:05:106 INFO  HomePage :80 - Select job type[[ChromeDriver: chrome on WINDOWS (99936cb6b870f5932666aa8da25dcda3)] -> xpath: //select[@id='tempperm']]
2023-05-17 14:05:248 INFO  HomePage :85 - Click on find jobs button[[ChromeDriver: chrome on WINDOWS (99936cb6b870f5932666aa8da25dcda3)] -> xpath: //input[@id='hp-search-btn']]
2023-05-17 14:05:230 INFO  HomePage :43 - Enter Job title[[ChromeDriver: chrome on WINDOWS (78cb52d0f4c72f040c2ca264fb24ab3d)] -> xpath: //input[@id='keywords']]
2023-05-17 14:05:417 INFO  HomePage :49 - Enter Location[[ChromeDriver: chrome on WINDOWS (78cb52d0f4c72f040c2ca264fb24ab3d)] -> xpath: //input[@id='location']]
2023-05-17 14:05:542 INFO  HomePage :54 - Select Distance[[ChromeDriver: chrome on WINDOWS (78cb52d0f4c72f040c2ca264fb24ab3d)] -> xpath: //select[@id='distance']]
2023-05-17 14:05:673 INFO  HomePage :60 - Click on more search options[[ChromeDriver: chrome on WINDOWS (78cb52d0f4c72f040c2ca264fb24ab3d)] -> xpath: //button[@id='toggle-hp-search']]
2023-05-17 14:05:755 INFO  HomePage :65 - Enter Minimum salary[[ChromeDriver: chrome on WINDOWS (78cb52d0f4c72f040c2ca264fb24ab3d)] -> xpath: //input[@id='salarymin']]
2023-05-17 14:05:927 INFO  HomePage :70 - Enter Maximum salary[[ChromeDriver: chrome on WINDOWS (78cb52d0f4c72f040c2ca264fb24ab3d)] -> xpath: //input[@id='salarymax']]
2023-05-17 14:05:71 INFO  HomePage :75 - Select salary type from dropdown[[ChromeDriver: chrome on WINDOWS (78cb52d0f4c72f040c2ca264fb24ab3d)] -> xpath: //select[@id='salarytype']]
2023-05-17 14:05:221 INFO  HomePage :80 - Select job type[[ChromeDriver: chrome on WINDOWS (78cb52d0f4c72f040c2ca264fb24ab3d)] -> xpath: //select[@id='tempperm']]
2023-05-17 14:05:341 INFO  HomePage :85 - Click on find jobs button[[ChromeDriver: chrome on WINDOWS (78cb52d0f4c72f040c2ca264fb24ab3d)] -> xpath: //input[@id='hp-search-btn']]
2023-05-17 14:05:767 INFO  HomePage :43 - Enter Job title[[ChromeDriver: chrome on WINDOWS (4a4f599a610ef474de9d2417bbd0b85f)] -> xpath: //input[@id='keywords']]
2023-05-17 14:05:963 INFO  HomePage :49 - Enter Location[[ChromeDriver: chrome on WINDOWS (4a4f599a610ef474de9d2417bbd0b85f)] -> xpath: //input[@id='location']]
2023-05-17 14:05:88 INFO  HomePage :54 - Select Distance[[ChromeDriver: chrome on WINDOWS (4a4f599a610ef474de9d2417bbd0b85f)] -> xpath: //select[@id='distance']]
2023-05-17 14:05:259 INFO  HomePage :60 - Click on more search options[[ChromeDriver: chrome on WINDOWS (4a4f599a610ef474de9d2417bbd0b85f)] -> xpath: //button[@id='toggle-hp-search']]
2023-05-17 14:05:327 INFO  HomePage :65 - Enter Minimum salary[[ChromeDriver: chrome on WINDOWS (4a4f599a610ef474de9d2417bbd0b85f)] -> xpath: //input[@id='salarymin']]
2023-05-17 14:05:505 INFO  HomePage :70 - Enter Maximum salary[[ChromeDriver: chrome on WINDOWS (4a4f599a610ef474de9d2417bbd0b85f)] -> xpath: //input[@id='salarymax']]
2023-05-17 14:05:645 INFO  HomePage :75 - Select salary type from dropdown[[ChromeDriver: chrome on WINDOWS (4a4f599a610ef474de9d2417bbd0b85f)] -> xpath: //select[@id='salarytype']]
2023-05-17 14:05:776 INFO  HomePage :80 - Select job type[[ChromeDriver: chrome on WINDOWS (4a4f599a610ef474de9d2417bbd0b85f)] -> xpath: //select[@id='tempperm']]
2023-05-17 14:05:907 INFO  HomePage :85 - Click on find jobs button[[ChromeDriver: chrome on WINDOWS (4a4f599a610ef474de9d2417bbd0b85f)] -> xpath: //input[@id='hp-search-btn']]
2023-05-17 14:05:771 INFO  HomePage :43 - Enter Job title[[ChromeDriver: chrome on WINDOWS (8838605389ec287b562580b3ab47d8d0)] -> xpath: //input[@id='keywords']]
2023-05-17 14:05:989 INFO  HomePage :49 - Enter Location[[ChromeDriver: chrome on WINDOWS (8838605389ec287b562580b3ab47d8d0)] -> xpath: //input[@id='location']]
2023-05-17 14:05:117 INFO  HomePage :54 - Select Distance[[ChromeDriver: chrome on WINDOWS (8838605389ec287b562580b3ab47d8d0)] -> xpath: //select[@id='distance']]
2023-05-17 14:05:287 INFO  HomePage :60 - Click on more search options[[ChromeDriver: chrome on WINDOWS (8838605389ec287b562580b3ab47d8d0)] -> xpath: //button[@id='toggle-hp-search']]
2023-05-17 14:05:366 INFO  HomePage :65 - Enter Minimum salary[[ChromeDriver: chrome on WINDOWS (8838605389ec287b562580b3ab47d8d0)] -> xpath: //input[@id='salarymin']]
2023-05-17 14:05:543 INFO  HomePage :70 - Enter Maximum salary[[ChromeDriver: chrome on WINDOWS (8838605389ec287b562580b3ab47d8d0)] -> xpath: //input[@id='salarymax']]
2023-05-17 14:05:696 INFO  HomePage :75 - Select salary type from dropdown[[ChromeDriver: chrome on WINDOWS (8838605389ec287b562580b3ab47d8d0)] -> xpath: //select[@id='salarytype']]
2023-05-17 14:05:829 INFO  HomePage :80 - Select job type[[ChromeDriver: chrome on WINDOWS (8838605389ec287b562580b3ab47d8d0)] -> xpath: //select[@id='tempperm']]
2023-05-17 14:05:975 INFO  HomePage :85 - Click on find jobs button[[ChromeDriver: chrome on WINDOWS (8838605389ec287b562580b3ab47d8d0)] -> xpath: //input[@id='hp-search-btn']]
2023-05-17 14:05:08 INFO  HomePage :43 - Enter Job title[[ChromeDriver: chrome on WINDOWS (920b947749c0f50eae6ac0bb655c9ac8)] -> xpath: //input[@id='keywords']]
2023-05-17 14:05:173 INFO  HomePage :49 - Enter Location[[ChromeDriver: chrome on WINDOWS (920b947749c0f50eae6ac0bb655c9ac8)] -> xpath: //input[@id='location']]
2023-05-17 14:05:284 INFO  HomePage :54 - Select Distance[[ChromeDriver: chrome on WINDOWS (920b947749c0f50eae6ac0bb655c9ac8)] -> xpath: //select[@id='distance']]
2023-05-17 14:05:438 INFO  HomePage :60 - Click on more search options[[ChromeDriver: chrome on WINDOWS (920b947749c0f50eae6ac0bb655c9ac8)] -> xpath: //button[@id='toggle-hp-search']]
2023-05-17 14:05:514 INFO  HomePage :65 - Enter Minimum salary[[ChromeDriver: chrome on WINDOWS (920b947749c0f50eae6ac0bb655c9ac8)] -> xpath: //input[@id='salarymin']]
2023-05-17 14:05:688 INFO  HomePage :70 - Enter Maximum salary[[ChromeDriver: chrome on WINDOWS (920b947749c0f50eae6ac0bb655c9ac8)] -> xpath: //input[@id='salarymax']]
2023-05-17 14:05:840 INFO  HomePage :75 - Select salary type from dropdown[[ChromeDriver: chrome on WINDOWS (920b947749c0f50eae6ac0bb655c9ac8)] -> xpath: //select[@id='salarytype']]
2023-05-17 14:05:966 INFO  HomePage :80 - Select job type[[ChromeDriver: chrome on WINDOWS (920b947749c0f50eae6ac0bb655c9ac8)] -> xpath: //select[@id='tempperm']]
2023-05-17 14:05:96 INFO  HomePage :85 - Click on find jobs button[[ChromeDriver: chrome on WINDOWS (920b947749c0f50eae6ac0bb655c9ac8)] -> xpath: //input[@id='hp-search-btn']]
2023-05-17 14:05:977 INFO  HomePage :43 - Enter Job title[[ChromeDriver: chrome on WINDOWS (9114b2a5606b73ccbab05ceeb54a7b62)] -> xpath: //input[@id='keywords']]
2023-05-17 14:05:163 INFO  HomePage :49 - Enter Location[[ChromeDriver: chrome on WINDOWS (9114b2a5606b73ccbab05ceeb54a7b62)] -> xpath: //input[@id='location']]
2023-05-17 14:05:284 INFO  HomePage :54 - Select Distance[[ChromeDriver: chrome on WINDOWS (9114b2a5606b73ccbab05ceeb54a7b62)] -> xpath: //select[@id='distance']]
2023-05-17 14:05:394 INFO  HomePage :60 - Click on more search options[[ChromeDriver: chrome on WINDOWS (9114b2a5606b73ccbab05ceeb54a7b62)] -> xpath: //button[@id='toggle-hp-search']]
2023-05-17 14:05:479 INFO  HomePage :65 - Enter Minimum salary[[ChromeDriver: chrome on WINDOWS (9114b2a5606b73ccbab05ceeb54a7b62)] -> xpath: //input[@id='salarymin']]
2023-05-17 14:05:649 INFO  HomePage :70 - Enter Maximum salary[[ChromeDriver: chrome on WINDOWS (9114b2a5606b73ccbab05ceeb54a7b62)] -> xpath: //input[@id='salarymax']]
2023-05-17 14:05:788 INFO  HomePage :75 - Select salary type from dropdown[[ChromeDriver: chrome on WINDOWS (9114b2a5606b73ccbab05ceeb54a7b62)] -> xpath: //select[@id='salarytype']]
2023-05-17 14:05:929 INFO  HomePage :80 - Select job type[[ChromeDriver: chrome on WINDOWS (9114b2a5606b73ccbab05ceeb54a7b62)] -> xpath: //select[@id='tempperm']]
2023-05-17 14:05:47 INFO  HomePage :85 - Click on find jobs button[[ChromeDriver: chrome on WINDOWS (9114b2a5606b73ccbab05ceeb54a7b62)] -> xpath: //input[@id='hp-search-btn']]
